<?xml version="1.0" encoding="UTF-8"?>
<!-- Generated by org.testng.reporters.JUnitReportReporter -->
<testsuite hostname="LAPTOP-KFN0L23O" failures="0" tests="4" name="TestPackage.Day4" time="0.006" errors="0" timestamp="2025-08-29T13:50:30 IST" skipped="0">
  <testcase classname="TestPackage.Day4" name="LoginAPIHomeLoan" time="0.001"/>
  <testcase classname="TestPackage.Day4" name="MobileLoginHomeLoan" time="0.002"/>
  <testcase classname="TestPackage.Day4" name="Day4Smoke" time="0.001"/>
  <testcase classname="TestPackage.Day4" name="webLoginHomeLoan" time="0.002"/>
</testsuite> <!-- TestPackage.Day4 -->
