<?xml version="1.0" encoding="UTF-8"?>
<!-- Generated by org.testng.reporters.JUnitReportReporter -->
<testsuite hostname="LAPTOP-KFN0L23O" failures="0" tests="1" name="TestPackage.Day1New" time="0.004" errors="0" timestamp="2025-08-29T13:50:30 IST" skipped="0">
  <testcase classname="TestPackage.Day1New" name="FirstTest" time="0.004"/>
</testsuite> <!-- TestPackage.Day1New -->
