<?xml version="1.0" encoding="UTF-8"?>
<!-- Generated by org.testng.reporters.JUnitReportReporter -->
<testsuite hostname="LAPTOP-KFN0L23O" failures="0" tests="6" name="TestPackage.Day2New" time="0.013" errors="0" timestamp="2025-08-29T13:50:30 IST" skipped="1">
  <testcase classname="TestPackage.Day2New" name="Day2" time="0.002"/>
  <testcase classname="TestPackage.Day2New" name="Day2Smoke" time="0.001"/>
  <testcase classname="TestPackage.Day2New" name="dependsOn2" time="0.002"/>
  <testcase classname="TestPackage.Day2New" name="timeOutTestNG" time="0.006"/>
  <testcase classname="TestPackage.Day2New" name="notDepends2" time="0.002"/>
  <testcase classname="TestPackage.Day2New" name="enabledTestNG">
    <skipped/>
  </testcase> <!-- enabledTestNG -->
</testsuite> <!-- TestPackage.Day2New -->
