<?xml version="1.0" encoding="UTF-8"?>
<!-- Generated by org.testng.reporters.JUnitReportReporter -->
<testsuite hostname="LAPTOP-KFN0L23O" failures="0" tests="8" name="TestPackage.Day3" time="0.018" errors="0" timestamp="2025-08-29T13:50:30 IST" skipped="0">
  <testcase classname="TestPackage.Day3" name="getDataProvider" time="0.001"/>
  <testcase classname="TestPackage.Day3" name="LoginAPICarLoan" time="0.004"/>
  <testcase classname="TestPackage.Day3" name="webLoginCarLoan" time="0.003"/>
  <testcase classname="TestPackage.Day3" name="dependsOn" time="0.002"/>
  <testcase classname="TestPackage.Day3" name="getDataProvider" time="0.001"/>
  <testcase classname="TestPackage.Day3" name="notDepends" time="0.001"/>
  <testcase classname="TestPackage.Day3" name="Day3Smoke" time="0.002"/>
  <testcase classname="TestPackage.Day3" name="getDataProvider" time="0.004"/>
</testsuite> <!-- TestPackage.Day3 -->
